<?xml version="1.0" encoding="UTF-8"?>
<!-- Generated by org.testng.reporters.JUnitXMLReporter -->
<testsuite ignored="0" hostname="LAPTOP-3G1IFM13" failures="1" tests="5" name="Surefire test" time="90.311" errors="0" timestamp="2026-04-06T14:43:59 IST">
  <testcase classname="io.cucumber.testng.AbstractTestNGCucumberTests" name="runScenario" time="29.604">
    <failure type="java.lang.AssertionError" message="Login should be successful expected [true] but found [false]">
      <![CDATA[java.lang.AssertionError: Login should be successful expected [true] but found [false]
at stepdefinitions.LoginSteps1.user_should_see_result(LoginSteps1.java:39)
at ✽.user should see "Login Successful"(file:///C:/Users/aditi/Desktop/capg%20training/SeleniumGrid/extentreport-selenium/src/test/resources/features/multiple.feature:7)
... Removed 3 stack frames]]>
    </failure>
  </testcase> <!-- runScenario -->
  <testcase classname="io.cucumber.testng.AbstractTestNGCucumberTests" name="runScenario" time="17.222"/>
  <testcase classname="io.cucumber.testng.AbstractTestNGCucumberTests" name="runScenario" time="17.56"/>
  <testcase classname="io.cucumber.testng.AbstractTestNGCucumberTests" name="runScenario" time="10.723"/>
  <testcase classname="io.cucumber.testng.AbstractTestNGCucumberTests" name="runScenario" time="14.66"/>
</testsuite> <!-- Surefire test -->
