<?xml version="1.0" encoding="UTF-8"?>
<!-- Generated by org.testng.reporters.JUnitReportReporter -->
<testsuite hostname="LAPTOP-3G1IFM13" failures="1" tests="5" name="runners.TestRunner" time="89.769" errors="0" timestamp="2026-04-06T14:43:59 IST" skipped="0">
  <testcase classname="runners.TestRunner" name="runScenario" time="17.222"/>
  <testcase classname="runners.TestRunner" name="runScenario" time="14.660"/>
  <testcase classname="runners.TestRunner" name="runScenario" time="17.560"/>
  <testcase classname="runners.TestRunner" name="runScenario" time="10.723"/>
  <testcase classname="runners.TestRunner" name="runScenario" time="29.604">
    <failure message="Login should be successful expected [true] but found [false]" type="java.lang.AssertionError">
      <![CDATA[java.lang.AssertionError: Login should be successful expected [true] but found [false]
at org.testng.Assert.fail(Assert.java:111)
at org.testng.Assert.failNotEquals(Assert.java:1578)
at org.testng.Assert.assertTrue(Assert.java:57)
at stepdefinitions.LoginSteps1.user_should_see_result(LoginSteps1.java:39)
at ✽.user should see "Login Successful"(file:///C:/Users/aditi/Desktop/capg%20training/SeleniumGrid/extentreport-selenium/src/test/resources/features/multiple.feature:7)
]]>
    </failure>
  </testcase> <!-- runScenario -->
</testsuite> <!-- runners.TestRunner -->
